<?xml version="1.0" encoding="UTF-8"?>
<!-- Generated by org.testng.reporters.JUnitXMLReporter -->
<testsuite hostname="Dantus" name="AmazonTest" tests="3" failures="0" timestamp="16 Jul 2016 19:24:47 GMT" time="43.77" errors="0">
  <testcase name="AmazonSigninMethod" time="9.004" classname="testing.AmazonTest"/>
  <testcase name="AmazonHomeTestMethod" time="20.704" classname="testing.AmazonTest"/>
  <testcase name="AmazonViewCartMethod" time="7.201" classname="testing.AmazonTest"/>
</testsuite> <!-- AmazonTest -->
