<?xml version="1.0" encoding="UTF-8"?>
<!-- Generated by org.testng.reporters.JUnitXMLReporter -->
<testsuite hostname="Dantus" name="ChromeWinTest" tests="1" failures="1" timestamp="18 Jul 2016 22:50:22 GMT" time="7.159" errors="0">
  <testcase name="AmazonHomeAddToCartTestMethod" time="0.053" classname="testng.AmazonCrossBrowserTest">
    <failure type="org.testng.TestNGException" message="
The data provider is trying to pass 2 parameters but the method testng.AmazonCrossBrowserTest#AmazonHomeAddToCartTestMethod takes 1">
      <![CDATA[org.testng.TestNGException: 
The data provider is trying to pass 2 parameters but the method testng.AmazonCrossBrowserTest#AmazonHomeAddToCartTestMethod takes 1
	at java.util.concurrent.ThreadPoolExecutor.runWorker(Unknown Source)
	at java.util.concurrent.ThreadPoolExecutor$Worker.run(Unknown Source)
	at java.lang.Thread.run(Unknown Source)
... Removed 4 stack frames]]>
    </failure>
  </testcase> <!-- AmazonHomeAddToCartTestMethod -->
</testsuite> <!-- ChromeWinTest -->
