<?xml version="1.0" encoding="UTF-8"?>
<!-- Generated by org.testng.reporters.JUnitXMLReporter -->
<testsuite hostname="Dantus" name="Test" tests="3" failures="0" timestamp="18 Jul 2016 20:42:31 GMT" time="46.343" errors="0">
  <testcase name="AmazonHomeTestMethod" time="8.711" classname="testng.AmazonCrossBrowserTest"/>
  <testcase name="AmazonHomeTestMethod" time="8.725" classname="testng.AmazonCrossBrowserTest"/>
  <testcase name="AmazonHomeTestMethod" time="8.954" classname="testng.AmazonCrossBrowserTest"/>
</testsuite> <!-- Test -->
